[2025-06-23 15:53:20.887] [/home/sonic/SpaghettiKart/src/port/Engine.cpp:520] [info] Loaded bank: sound/banks/bank_0
[2025-06-23 15:53:20.916] [/home/sonic/SpaghettiKart/src/port/Engine.cpp:520] [info] Loaded bank: sound/banks/bank_2
[2025-06-23 15:53:20.926] [/home/sonic/SpaghettiKart/src/port/Engine.cpp:520] [info] Loaded bank: sound/banks/bank_20
[2025-06-23 15:53:20.933] [/home/sonic/SpaghettiKart/src/port/Engine.cpp:520] [info] Loaded bank: sound/banks/bank_5
[2025-06-23 15:53:20.938] [/home/sonic/SpaghettiKart/src/port/Engine.cpp:520] [info] Loaded bank: sound/banks/bank_1
[2025-06-23 15:53:20.942] [/home/sonic/SpaghettiKart/src/port/Engine.cpp:520] [info] Loaded bank: sound/banks/bank_4
[2025-06-23 15:53:20.951] [/home/sonic/SpaghettiKart/src/port/Engine.cpp:520] [info] Loaded bank: sound/banks/bank_7
[2025-06-23 15:53:20.955] [/home/sonic/SpaghettiKart/src/port/Engine.cpp:520] [info] Loaded bank: sound/banks/bank_12
[2025-06-23 15:53:20.956] [/home/sonic/SpaghettiKart/src/port/Engine.cpp:520] [info] Loaded bank: sound/banks/bank_14
[2025-06-23 15:53:20.966] [/home/sonic/SpaghettiKart/src/port/Engine.cpp:520] [info] Loaded bank: sound/banks/bank_16
[2025-06-23 15:53:20.967] [/home/sonic/SpaghettiKart/src/port/Engine.cpp:520] [info] Loaded bank: sound/banks/bank_10
[2025-06-23 15:53:20.969] [/home/sonic/SpaghettiKart/src/port/Engine.cpp:520] [info] Loaded bank: sound/banks/bank_13
[2025-06-23 15:53:20.971] [/home/sonic/SpaghettiKart/src/port/Engine.cpp:520] [info] Loaded bank: sound/banks/bank_3
[2025-06-23 15:53:20.971] [/home/sonic/SpaghettiKart/src/port/Engine.cpp:520] [info] Loaded bank: sound/banks/bank_11
[2025-06-23 15:53:20.973] [/home/sonic/SpaghettiKart/src/port/Engine.cpp:520] [info] Loaded bank: sound/banks/bank_15
[2025-06-23 15:53:20.974] [/home/sonic/SpaghettiKart/src/port/Engine.cpp:520] [info] Loaded bank: sound/banks/bank_17
[2025-06-23 15:53:20.976] [/home/sonic/SpaghettiKart/src/port/Engine.cpp:520] [info] Loaded bank: sound/banks/bank_9
[2025-06-23 15:53:20.978] [/home/sonic/SpaghettiKart/src/port/Engine.cpp:520] [info] Loaded bank: sound/banks/bank_19
[2025-06-23 15:53:20.984] [/home/sonic/SpaghettiKart/src/port/Engine.cpp:520] [info] Loaded bank: sound/banks/bank_6
[2025-06-23 15:53:20.985] [/home/sonic/SpaghettiKart/src/port/Engine.cpp:520] [info] Loaded bank: sound/banks/bank_8
[2025-06-23 15:53:20.985] [/home/sonic/SpaghettiKart/src/port/Engine.cpp:520] [info] Loaded bank: sound/banks/bank_18
[2025-06-23 15:53:20.986] [/home/sonic/SpaghettiKart/src/port/Engine.cpp:527] [info] Loaded sequence: sound/sequences/start_grid_gp_vs
[2025-06-23 15:53:20.987] [/home/sonic/SpaghettiKart/src/port/Engine.cpp:527] [info] Loaded sequence: sound/sequences/staff_roll
[2025-06-23 15:53:20.988] [/home/sonic/SpaghettiKart/src/port/Engine.cpp:527] [info] Loaded sequence: sound/sequences/toads_turnpike
[2025-06-23 15:53:20.988] [/home/sonic/SpaghettiKart/src/port/Engine.cpp:527] [info] Loaded sequence: sound/sequences/losing_results
[2025-06-23 15:53:20.989] [/home/sonic/SpaghettiKart/src/port/Engine.cpp:527] [info] Loaded sequence: sound/sequences/kalimari_desert
[2025-06-23 15:53:20.989] [/home/sonic/SpaghettiKart/src/port/Engine.cpp:527] [info] Loaded sequence: sound/sequences/dk_jungle
[2025-06-23 15:53:20.989] [/home/sonic/SpaghettiKart/src/port/Engine.cpp:527] [info] Loaded sequence: sound/sequences/finish_2nd_4th_place
[2025-06-23 15:53:20.991] [/home/sonic/SpaghettiKart/src/port/Engine.cpp:527] [info] Loaded sequence: sound/sequences/final_lap_fanfare
[2025-06-23 15:53:20.993] [/home/sonic/SpaghettiKart/src/port/Engine.cpp:527] [info] Loaded sequence: sound/sequences/raceways_wario_stadium
[2025-06-23 15:53:20.994] [/home/sonic/SpaghettiKart/src/port/Engine.cpp:527] [info] Loaded sequence: sound/sequences/moo_moo_farm_yoshi_valley
[2025-06-23 15:53:20.994] [/home/sonic/SpaghettiKart/src/port/Engine.cpp:527] [info] Loaded sequence: sound/sequences/seq_00
[2025-06-23 15:53:20.994] [/home/sonic/SpaghettiKart/src/port/Engine.cpp:527] [info] Loaded sequence: sound/sequences/award_ceremony_buildup
[2025-06-23 15:53:20.995] [/home/sonic/SpaghettiKart/src/port/Engine.cpp:527] [info] Loaded sequence: sound/sequences/title_screen
[2025-06-23 15:53:20.995] [/home/sonic/SpaghettiKart/src/port/Engine.cpp:527] [info] Loaded sequence: sound/sequences/finish_1st_place
[2025-06-23 15:53:20.995] [/home/sonic/SpaghettiKart/src/port/Engine.cpp:527] [info] Loaded sequence: sound/sequences/finish_5th_8th_place
[2025-06-23 15:53:20.997] [/home/sonic/SpaghettiKart/src/port/Engine.cpp:527] [info] Loaded sequence: sound/sequences/vs_battle_results
[2025-06-23 15:53:20.999] [/home/sonic/SpaghettiKart/src/port/Engine.cpp:527] [info] Loaded sequence: sound/sequences/koopa_troopa_beach
[2025-06-23 15:53:20.999] [/home/sonic/SpaghettiKart/src/port/Engine.cpp:527] [info] Loaded sequence: sound/sequences/frappe_snowland
[2025-06-23 15:53:21.000] [/home/sonic/SpaghettiKart/src/port/Engine.cpp:527] [info] Loaded sequence: sound/sequences/seq_16
[2025-06-23 15:53:21.000] [/home/sonic/SpaghettiKart/src/port/Engine.cpp:527] [info] Loaded sequence: sound/sequences/start_gird_time_attack
[2025-06-23 15:53:21.001] [/home/sonic/SpaghettiKart/src/port/Engine.cpp:527] [info] Loaded sequence: sound/sequences/banshee_boardwalk
[2025-06-23 15:53:21.002] [/home/sonic/SpaghettiKart/src/port/Engine.cpp:527] [info] Loaded sequence: sound/sequences/award_ceremony_1st_3rd
[2025-06-23 15:53:21.004] [/home/sonic/SpaghettiKart/src/port/Engine.cpp:527] [info] Loaded sequence: sound/sequences/battle_arenas
[2025-06-23 15:53:21.005] [/home/sonic/SpaghettiKart/src/port/Engine.cpp:527] [info] Loaded sequence: sound/sequences/main_menu
[2025-06-23 15:53:21.005] [/home/sonic/SpaghettiKart/src/port/Engine.cpp:527] [info] Loaded sequence: sound/sequences/game_over
[2025-06-23 15:53:21.005] [/home/sonic/SpaghettiKart/src/port/Engine.cpp:527] [info] Loaded sequence: sound/sequences/award_ceremony_4th_8th
[2025-06-23 15:53:21.006] [/home/sonic/SpaghettiKart/src/port/Engine.cpp:527] [info] Loaded sequence: sound/sequences/bowsers_castle
[2025-06-23 15:53:21.006] [/home/sonic/Sp[2025-06-23 16:00:15.952] [/home/sonic/SpaghettiKart/src/port/Engine.cpp:520] [info] Loaded bank: sound/banks/bank_0
[2025-06-23 16:00:15.982] [/home/sonic/SpaghettiKart/src/port/Engine.cpp:520] [info] Loaded bank: sound/banks/bank_2
[2025-06-23 16:00:15.992] [/home/sonic/SpaghettiKart/src/port/Engine.cpp:520] [info] Loaded bank: sound/banks/bank_20
[2025-06-23 16:00:16.000] [/home/sonic/SpaghettiKart/src/port/Engine.cpp:520] [info] Loaded bank: sound/banks/bank_5
[2025-06-23 16:00:16.006] [/home/sonic/SpaghettiKart/src/port/Engine.cpp:520] [info] Loaded bank: sound/banks/bank_1
[2025-06-23 16:00:16.010] [/home/sonic/SpaghettiKart/src/port/Engine.cpp:520] [info] Loaded bank: sound/banks/bank_4
[2025-06-23 16:00:16.018] [/home/sonic/SpaghettiKart/src/port/Engine.cpp:520] [info] Loaded bank: sound/banks/bank_7
[2025-06-23 16:00:16.023] [/home/sonic/SpaghettiKart/src/port/Engine.cpp:520] [info] Loaded bank: sound/banks/bank_12
[2025-06-23 16:00:16.025] [/home/sonic/SpaghettiKart/src/port/Engine.cpp:520] [info] Loaded bank: sound/banks/bank_14
[2025-06-23 16:00:16.032] [/home/sonic/SpaghettiKart/src/port/Engine.cpp:520] [info] Loaded bank: sound/banks/bank_16
[2025-06-23 16:00:16.033] [/home/sonic/SpaghettiKart/src/port/Engine.cpp:520] [info] Loaded bank: sound/banks/bank_10
[2025-06-23 16:00:16.035] [/home/sonic/SpaghettiKart/src/port/Engine.cpp:520] [info] Loaded bank: sound/banks/bank_13
[2025-06-23 16:00:16.036] [/home/sonic/SpaghettiKart/src/port/Engine.cpp:520] [info] Loaded bank: sound/banks/bank_3
[2025-06-23 16:00:16.037] [/home/sonic/SpaghettiKart/src/port/Engine.cpp:520] [info] Loaded bank: sound/banks/bank_11
[2025-06-23 16:00:16.038] [/home/sonic/SpaghettiKart/src/port/Engine.cpp:520] [info] Loaded bank: sound/banks/bank_15
[2025-06-23 16:00:16.039] [/home/sonic/SpaghettiKart/src/port/Engine.cpp:520] [info] Loaded bank: sound/banks/bank_17
[2025-06-23 16:00:16.041] [/home/sonic/SpaghettiKart/src/port/Engine.cpp:520] [info] Loaded bank: sound/banks/bank_9
[2025-06-23 16:00:16.043] [/home/sonic/SpaghettiKart/src/port/Engine.cpp:520] [info] Loaded bank: sound/banks/bank_19
[2025-06-23 16:00:16.049] [/home/sonic/SpaghettiKart/src/port/Engine.cpp:520] [info] Loaded bank: sound/banks/bank_6
[2025-06-23 16:00:16.049] [/home/sonic/SpaghettiKart/src/port/Engine.cpp:520] [info] Loaded bank: sound/banks/bank_8
[2025-06-23 16:00:16.049] [/home/sonic/SpaghettiKart/src/port/Engine.cpp:520] [info] Loaded bank: sound/banks/bank_18
[2025-06-23 16:00:16.050] [/home/sonic/SpaghettiKart/src/port/Engine.cpp:527] [info] Loaded sequence: sound/sequences/start_grid_gp_vs
[2025-06-23 16:00:16.051] [/home/sonic/SpaghettiKart/src/port/Engine.cpp:527] [info] Loaded sequence: sound/sequences/staff_roll
[2025-06-23 16:00:16.053] [/home/sonic/SpaghettiKart/src/port/Engine.cpp:527] [info] Loaded sequence: sound/sequences/toads_turnpike
[2025-06-23 16:00:16.053] [/home/sonic/SpaghettiKart/src/port/Engine.cpp:527] [info] Loaded sequence: sound/sequences/losing_results
[2025-06-23 16:00:16.054] [/home/sonic/SpaghettiKart/src/port/Engine.cpp:527] [info] Loaded sequence: sound/sequences/kalimari_desert
[2025-06-23 16:00:16.054] [/home/sonic/SpaghettiKart/src/port/Engine.cpp:527] [info] Loaded sequence: sound/sequences/dk_jungle
[2025-06-23 16:00:16.054] [/home/sonic/SpaghettiKart/src/port/Engine.cpp:527] [info] Loaded sequence: sound/sequences/finish_2nd_4th_place
[2025-06-23 16:00:16.056] [/home/sonic/SpaghettiKart/src/port/Engine.cpp:527] [info] Loaded sequence: sound/sequences/final_lap_fanfare
[2025-06-23 16:00:16.058] [/home/sonic/SpaghettiKart/src/port/Engine.cpp:527] [info] Loaded sequence: sound/sequences/raceways_wario_stadium
[2025-06-23 16:00:16.059] [/home/sonic/SpaghettiKart/src/port/Engine.cpp:527] [info] Loaded sequence: sound/sequences/moo_moo_farm_yoshi_valley
[2025-06-23 16:00:16.059] [/home/sonic/SpaghettiKart/src/port/Engine.cpp:527] [info] Loaded sequence: sound/sequences/seq_00
[2025-06-23 16:00:16.060] [/home/sonic/SpaghettiKart/src/port/Engine.cpp:527] [info] Loaded sequence: sound/sequences/award_ceremony_buildup
[2025-06-23 16:00:16.060] [/home/sonic/SpaghettiKart/src/port/Engine.cpp:527] [info] Loaded sequence: sound/sequences/title_screen
[2025-06-23 16:00:16.060] [/home/sonic/SpaghettiKart/src/port/Engine.cpp:527] [info] Loaded sequence: sound/sequences/finish_1st_place
[2025-06-23 16:00:16.061] [/home/sonic/SpaghettiKart/src/port/Engine.cpp:527] [info] Loaded sequence: sound/sequences/finish_5th_8th_place
[2025-06-23 16:00:16.062] [/home/sonic/SpaghettiKart/src/port/Engine.cpp:527] [info] Loaded sequence: sound/sequences/vs_battle_results
[2025-06-23 16:00:16.065] [/home/sonic/SpaghettiKart/src/port/Engine.cpp:527] [info] Loaded sequence: sound/sequences/koopa_troopa_beach
[2025-06-23 16:00:16.065] [/home/sonic/SpaghettiKart/src/port/Engine.cpp:527] [info] Loaded sequence: sound/sequences/frappe_snowland
[2025-06-23 16:00:16.066] [/home/sonic/SpaghettiKart/src/port/Engine.cpp:527] [info] Loaded sequence: sound/sequences/seq_16
[2025-06-23 16:00:16.066] [/home/sonic/SpaghettiKart/src/port/Engine.cpp:527] [info] Loaded sequence: sound/sequences/start_gird_time_attack
[2025-06-23 16:00:16.067] [/home/sonic/SpaghettiKart/src/port/Engine.cpp:527] [info] Loaded sequence: sound/sequences/banshee_boardwalk
[2025-06-23 16:00:16.069] [/home/sonic/SpaghettiKart/src/port/Engine.cpp:527] [info] Loaded sequence: sound/sequences/award_ceremony_1st_3rd
[2025-06-23 16:00:16.070] [/home/sonic/SpaghettiKart/src/port/Engine.cpp:527] [info] Loaded sequence: sound/sequences/battle_arenas
[2025-06-23 16:00:16.071] [/home/sonic/SpaghettiKart/src/port/Engine.cpp:527] [info] Loaded sequence: sound/sequences/main_menu
[2025-06-23 16:00:16.071] [/home/sonic/SpaghettiKart/src/port/Engine.cpp:527] [info] Loaded sequence: sound/sequences/game_over
[2025-06-23 16:00:16.071] [/home/sonic/SpaghettiKart/src/port/Engine.cpp:527] [info] Loaded sequence: sound/sequences/award_ceremony_4th_8th
[2025-06-23 16:00:16.072] [/home/sonic/SpaghettiKart/src/port/Engine.cpp:527] [info] Loaded sequence: sound/sequences/bowsers_castle
[2025-06-23 16:00:16.072] [/home/sonic/Sp[2025-06-23 16:00:27.946] [/home/sonic/SpaghettiKart/src/port/Engine.cpp:520] [info] Loaded bank: sound/banks/bank_0
[2025-06-23 16:00:27.978] [/home/sonic/SpaghettiKart/src/port/Engine.cpp:520] [info] Loaded bank: sound/banks/bank_2
[2025-06-23 16:00:27.988] [/home/sonic/SpaghettiKart/src/port/Engine.cpp:520] [info] Loaded bank: sound/banks/bank_20
[2025-06-23 16:00:27.997] [/home/sonic/SpaghettiKart/src/port/Engine.cpp:520] [info] Loaded bank: sound/banks/bank_5
[2025-06-23 16:00:28.002] [/home/sonic/SpaghettiKart/src/port/Engine.cpp:520] [info] Loaded bank: sound/banks/bank_1
[2025-06-23 16:00:28.006] [/home/sonic/SpaghettiKart/src/port/Engine.cpp:520] [info] Loaded bank: sound/banks/bank_4
[2025-06-23 16:00:28.015] [/home/sonic/SpaghettiKart/src/port/Engine.cpp:520] [info] Loaded bank: sound/banks/bank_7
[2025-06-23 16:00:28.021] [/home/sonic/SpaghettiKart/src/port/Engine.cpp:520] [info] Loaded bank: sound/banks/bank_12
[2025-06-23 16:00:28.022] [/home/sonic/SpaghettiKart/src/port/Engine.cpp:520] [info] Loaded bank: sound/banks/bank_14
[2025-06-23 16:00:28.029] [/home/sonic/SpaghettiKart/src/port/Engine.cpp:520] [info] Loaded bank: sound/banks/bank_16
[2025-06-23 16:00:28.031] [/home/sonic/SpaghettiKart/src/port/Engine.cpp:520] [info] Loaded bank: sound/banks/bank_10
[2025-06-23 16:00:28.032] [/home/sonic/SpaghettiKart/src/port/Engine.cpp:520] [info] Loaded bank: sound/banks/bank_13
[2025-06-23 16:00:28.034] [/home/sonic/SpaghettiKart/src/port/Engine.cpp:520] [info] Loaded bank: sound/banks/bank_3
[2025-06-23 16:00:28.034] [/home/sonic/SpaghettiKart/src/port/Engine.cpp:520] [info] Loaded bank: sound/banks/bank_11
[2025-06-23 16:00:28.036] [/home/sonic/SpaghettiKart/src/port/Engine.cpp:520] [info] Loaded bank: sound/banks/bank_15
[2025-06-23 16:00:28.037] [/home/sonic/SpaghettiKart/src/port/Engine.cpp:520] [info] Loaded bank: sound/banks/bank_17
[2025-06-23 16:00:28.039] [/home/sonic/SpaghettiKart/src/port/Engine.cpp:520] [info] Loaded bank: sound/banks/bank_9
[2025-06-23 16:00:28.041] [/home/sonic/SpaghettiKart/src/port/Engine.cpp:520] [info] Loaded bank: sound/banks/bank_19
[2025-06-23 16:00:28.046] [/home/sonic/SpaghettiKart/src/port/Engine.cpp:520] [info] Loaded bank: sound/banks/bank_6
[2025-06-23 16:00:28.047] [/home/sonic/SpaghettiKart/src/port/Engine.cpp:520] [info] Loaded bank: sound/banks/bank_8
[2025-06-23 16:00:28.047] [/home/sonic/SpaghettiKart/src/port/Engine.cpp:520] [info] Loaded bank: sound/banks/bank_18
[2025-06-23 16:00:28.048] [/home/sonic/SpaghettiKart/src/port/Engine.cpp:527] [info] Loaded sequence: sound/sequences/start_grid_gp_vs
[2025-06-23 16:00:28.049] [/home/sonic/SpaghettiKart/src/port/Engine.cpp:527] [info] Loaded sequence: sound/sequences/staff_roll
[2025-06-23 16:00:28.050] [/home/sonic/SpaghettiKart/src/port/Engine.cpp:527] [info] Loaded sequence: sound/sequences/toads_turnpike
[2025-06-23 16:00:28.051] [/home/sonic/SpaghettiKart/src/port/Engine.cpp:527] [info] Loaded sequence: sound/sequences/losing_results
[2025-06-23 16:00:28.051] [/home/sonic/SpaghettiKart/src/port/Engine.cpp:527] [info] Loaded sequence: sound/sequences/kalimari_desert
[2025-06-23 16:00:28.052] [/home/sonic/SpaghettiKart/src/port/Engine.cpp:527] [info] Loaded sequence: sound/sequences/dk_jungle
[2025-06-23 16:00:28.052] [/home/sonic/SpaghettiKart/src/port/Engine.cpp:527] [info] Loaded sequence: sound/sequences/finish_2nd_4th_place
[2025-06-23 16:00:28.058] [/home/sonic/SpaghettiKart/src/port/Engine.cpp:527] [info] Loaded sequence: sound/sequences/final_lap_fanfare
[2025-06-23 16:00:28.061] [/home/sonic/SpaghettiKart/src/port/Engine.cpp:527] [info] Loaded sequence: sound/sequences/raceways_wario_stadium
[2025-06-23 16:00:28.061] [/home/sonic/SpaghettiKart/src/port/Engine.cpp:527] [info] Loaded sequence: sound/sequences/moo_moo_farm_yoshi_valley
[2025-06-23 16:00:28.062] [/home/sonic/SpaghettiKart/src/port/Engine.cpp:527] [info] Loaded sequence: sound/sequences/seq_00
[2025-06-23 16:00:28.062] [/home/sonic/SpaghettiKart/src/port/Engine.cpp:527] [info] Loaded sequence: sound/sequences/award_ceremony_buildup
[2025-06-23 16:00:28.063] [/home/sonic/SpaghettiKart/src/port/Engine.cpp:527] [info] Loaded sequence: sound/sequences/title_screen
[2025-06-23 16:00:28.063] [/home/sonic/SpaghettiKart/src/port/Engine.cpp:527] [info] Loaded sequence: sound/sequences/finish_1st_place
[2025-06-23 16:00:28.063] [/home/sonic/SpaghettiKart/src/port/Engine.cpp:527] [info] Loaded sequence: sound/sequences/finish_5th_8th_place
[2025-06-23 16:00:28.065] [/home/sonic/SpaghettiKart/src/port/Engine.cpp:527] [info] Loaded sequence: sound/sequences/vs_battle_results
[2025-06-23 16:00:28.066] [/home/sonic/SpaghettiKart/src/port/Engine.cpp:527] [info] Loaded sequence: sound/sequences/koopa_troopa_beach
[2025-06-23 16:00:28.067] [/home/sonic/SpaghettiKart/src/port/Engine.cpp:527] [info] Loaded sequence: sound/sequences/frappe_snowland
[2025-06-23 16:00:28.067] [/home/sonic/SpaghettiKart/src/port/Engine.cpp:527] [info] Loaded sequence: sound/sequences/seq_16
[2025-06-23 16:00:28.067] [/home/sonic/SpaghettiKart/src/port/Engine.cpp:527] [info] Loaded sequence: sound/sequences/start_gird_time_attack
[2025-06-23 16:00:28.068] [/home/sonic/SpaghettiKart/src/port/Engine.cpp:527] [info] Loaded sequence: sound/sequences/banshee_boardwalk
[2025-06-23 16:00:28.070] [/home/sonic/SpaghettiKart/src/port/Engine.cpp:527] [info] Loaded sequence: sound/sequences/award_ceremony_1st_3rd
[2025-06-23 16:00:28.072] [/home/sonic/SpaghettiKart/src/port/Engine.cpp:527] [info] Loaded sequence: sound/sequences/battle_arenas
[2025-06-23 16:00:28.072] [/home/sonic/SpaghettiKart/src/port/Engine.cpp:527] [info] Loaded sequence: sound/sequences/main_menu
[2025-06-23 16:00:28.072] [/home/sonic/SpaghettiKart/src/port/Engine.cpp:527] [info] Loaded sequence: sound/sequences/game_over
[2025-06-23 16:00:28.073] [/home/sonic/SpaghettiKart/src/port/Engine.cpp:527] [info] Loaded sequence: sound/sequences/award_ceremony_4th_8th
[2025-06-23 16:00:28.073] [/home/sonic/SpaghettiKart/src/port/Engine.cpp:527] [info] Loaded sequence: sound/sequences/bowsers_castle
[2025-06-23 16:00:28.073] [/home/sonic/Sp[2025-06-23 16:12:16.961] [/home/sonic/SpaghettiKart/src/port/Engine.cpp:520] [info] Loaded bank: sound/banks/bank_0
[2025-06-23 16:12:16.993] [/home/sonic/SpaghettiKart/src/port/Engine.cpp:520] [info] Loaded bank: sound/banks/bank_2
[2025-06-23 16:12:17.003] [/home/sonic/SpaghettiKart/src/port/Engine.cpp:520] [info] Loaded bank: sound/banks/bank_20
[2025-06-23 16:12:17.012] [/home/sonic/SpaghettiKart/src/port/Engine.cpp:520] [info] Loaded bank: sound/banks/bank_5
[2025-06-23 16:12:17.017] [/home/sonic/SpaghettiKart/src/port/Engine.cpp:520] [info] Loaded bank: sound/banks/bank_1
[2025-06-23 16:12:17.021] [/home/sonic/SpaghettiKart/src/port/Engine.cpp:520] [info] Loaded bank: sound/banks/bank_4
[2025-06-23 16:12:17.029] [/home/sonic/SpaghettiKart/src/port/Engine.cpp:520] [info] Loaded bank: sound/banks/bank_7
[2025-06-23 16:12:17.034] [/home/sonic/SpaghettiKart/src/port/Engine.cpp:520] [info] Loaded bank: sound/banks/bank_12
[2025-06-23 16:12:17.035] [/home/sonic/SpaghettiKart/src/port/Engine.cpp:520] [info] Loaded bank: sound/banks/bank_14
[2025-06-23 16:12:17.042] [/home/sonic/SpaghettiKart/src/port/Engine.cpp:520] [info] Loaded bank: sound/banks/bank_16
[2025-06-23 16:12:17.043] [/home/sonic/SpaghettiKart/src/port/Engine.cpp:520] [info] Loaded bank: sound/banks/bank_10
[2025-06-23 16:12:17.045] [/home/sonic/SpaghettiKart/src/port/Engine.cpp:520] [info] Loaded bank: sound/banks/bank_13
[2025-06-23 16:12:17.047] [/home/sonic/SpaghettiKart/src/port/Engine.cpp:520] [info] Loaded bank: sound/banks/bank_3
[2025-06-23 16:12:17.047] [/home/sonic/SpaghettiKart/src/port/Engine.cpp:520] [info] Loaded bank: sound/banks/bank_11
[2025-06-23 16:12:17.049] [/home/sonic/SpaghettiKart/src/port/Engine.cpp:520] [info] Loaded bank: sound/banks/bank_15
[2025-06-23 16:12:17.050] [/home/sonic/SpaghettiKart/src/port/Engine.cpp:520] [info] Loaded bank: sound/banks/bank_17
[2025-06-23 16:12:17.052] [/home/sonic/SpaghettiKart/src/port/Engine.cpp:520] [info] Loaded bank: sound/banks/bank_9
[2025-06-23 16:12:17.054] [/home/sonic/SpaghettiKart/src/port/Engine.cpp:520] [info] Loaded bank: sound/banks/bank_19
[2025-06-23 16:12:17.059] [/home/sonic/SpaghettiKart/src/port/Engine.cpp:520] [info] Loaded bank: sound/banks/bank_6
[2025-06-23 16:12:17.059] [/home/sonic/SpaghettiKart/src/port/Engine.cpp:520] [info] Loaded bank: sound/banks/bank_8
[2025-06-23 16:12:17.060] [/home/sonic/SpaghettiKart/src/port/Engine.cpp:520] [info] Loaded bank: sound/banks/bank_18
[2025-06-23 16:12:17.061] [/home/sonic/SpaghettiKart/src/port/Engine.cpp:527] [info] Loaded sequence: sound/sequences/start_grid_gp_vs
[2025-06-23 16:12:17.062] [/home/sonic/SpaghettiKart/src/port/Engine.cpp:527] [info] Loaded sequence: sound/sequences/staff_roll
[2025-06-23 16:12:17.063] [/home/sonic/SpaghettiKart/src/port/Engine.cpp:527] [info] Loaded sequence: sound/sequences/toads_turnpike
[2025-06-23 16:12:17.063] [/home/sonic/SpaghettiKart/src/port/Engine.cpp:527] [info] Loaded sequence: sound/sequences/losing_results
[2025-06-23 16:12:17.064] [/home/sonic/SpaghettiKart/src/port/Engine.cpp:527] [info] Loaded sequence: sound/sequences/kalimari_desert
[2025-06-23 16:12:17.064] [/home/sonic/SpaghettiKart/src/port/Engine.cpp:527] [info] Loaded sequence: sound/sequences/dk_jungle
[2025-06-23 16:12:17.064] [/home/sonic/SpaghettiKart/src/port/Engine.cpp:527] [info] Loaded sequence: sound/sequences/finish_2nd_4th_place
[2025-06-23 16:12:17.066] [/home/sonic/SpaghettiKart/src/port/Engine.cpp:527] [info] Loaded sequence: sound/sequences/final_lap_fanfare
[2025-06-23 16:12:17.069] [/home/sonic/SpaghettiKart/src/port/Engine.cpp:527] [info] Loaded sequence: sound/sequences/raceways_wario_stadium
[2025-06-23 16:12:17.069] [/home/sonic/SpaghettiKart/src/port/Engine.cpp:527] [info] Loaded sequence: sound/sequences/moo_moo_farm_yoshi_valley
[2025-06-23 16:12:17.070] [/home/sonic/SpaghettiKart/src/port/Engine.cpp:527] [info] Loaded sequence: sound/sequences/seq_00
[2025-06-23 16:12:17.070] [/home/sonic/SpaghettiKart/src/port/Engine.cpp:527] [info] Loaded sequence: sound/sequences/award_ceremony_buildup
[2025-06-23 16:12:17.071] [/home/sonic/SpaghettiKart/src/port/Engine.cpp:527] [info] Loaded sequence: sound/sequences/title_screen
[2025-06-23 16:12:17.071] [/home/sonic/SpaghettiKart/src/port/Engine.cpp:527] [info] Loaded sequence: sound/sequences/finish_1st_place
[2025-06-23 16:12:17.071] [/home/sonic/SpaghettiKart/src/port/Engine.cpp:527] [info] Loaded sequence: sound/sequences/finish_5th_8th_place
[2025-06-23 16:12:17.073] [/home/sonic/SpaghettiKart/src/port/Engine.cpp:527] [info] Loaded sequence: sound/sequences/vs_battle_results
[2025-06-23 16:12:17.075] [/home/sonic/SpaghettiKart/src/port/Engine.cpp:527] [info] Loaded sequence: sound/sequences/koopa_troopa_beach
[2025-06-23 16:12:17.076] [/home/sonic/SpaghettiKart/src/port/Engine.cpp:527] [info] Loaded sequence: sound/sequences/frappe_snowland
[2025-06-23 16:12:17.076] [/home/sonic/SpaghettiKart/src/port/Engine.cpp:527] [info] Loaded sequence: sound/sequences/seq_16
[2025-06-23 16:12:17.076] [/home/sonic/SpaghettiKart/src/port/Engine.cpp:527] [info] Loaded sequence: sound/sequences/start_gird_time_attack
[2025-06-23 16:12:17.077] [/home/sonic/SpaghettiKart/src/port/Engine.cpp:527] [info] Loaded sequence: sound/sequences/banshee_boardwalk
[2025-06-23 16:12:17.078] [/home/sonic/SpaghettiKart/src/port/Engine.cpp:527] [info] Loaded sequence: sound/sequences/award_ceremony_1st_3rd
[2025-06-23 16:12:17.080] [/home/sonic/SpaghettiKart/src/port/Engine.cpp:527] [info] Loaded sequence: sound/sequences/battle_arenas
[2025-06-23 16:12:17.081] [/home/sonic/SpaghettiKart/src/port/Engine.cpp:527] [info] Loaded sequence: sound/sequences/main_menu
[2025-06-23 16:12:17.081] [/home/sonic/SpaghettiKart/src/port/Engine.cpp:527] [info] Loaded sequence: sound/sequences/game_over
[2025-06-23 16:12:17.081] [/home/sonic/SpaghettiKart/src/port/Engine.cpp:527] [info] Loaded sequence: sound/sequences/award_ceremony_4th_8th
[2025-06-23 16:12:17.082] [/home/sonic/SpaghettiKart/src/port/Engine.cpp:527] [info] Loaded sequence: sound/sequences/bowsers_castle
[2025-06-23 16:12:17.082] [/home/sonic/Sp[2025-06-23 16:29:09.942] [/home/sonic/SpaghettiKart/src/port/Engine.cpp:520] [info] Loaded bank: sound/banks/bank_0
[2025-06-23 16:29:09.971] [/home/sonic/SpaghettiKart/src/port/Engine.cpp:520] [info] Loaded bank: sound/banks/bank_2
[2025-06-23 16:29:09.981] [/home/sonic/SpaghettiKart/src/port/Engine.cpp:520] [info] Loaded bank: sound/banks/bank_20
[2025-06-23 16:29:09.989] [/home/sonic/SpaghettiKart/src/port/Engine.cpp:520] [info] Loaded bank: sound/banks/bank_5
[2025-06-23 16:29:09.998] [/home/sonic/SpaghettiKart/src/port/Engine.cpp:520] [info] Loaded bank: sound/banks/bank_1
[2025-06-23 16:29:10.002] [/home/sonic/SpaghettiKart/src/port/Engine.cpp:520] [info] Loaded bank: sound/banks/bank_4
[2025-06-23 16:29:10.011] [/home/sonic/SpaghettiKart/src/port/Engine.cpp:520] [info] Loaded bank: sound/banks/bank_7
[2025-06-23 16:29:10.017] [/home/sonic/SpaghettiKart/src/port/Engine.cpp:520] [info] Loaded bank: sound/banks/bank_12
[2025-06-23 16:29:10.018] [/home/sonic/SpaghettiKart/src/port/Engine.cpp:520] [info] Loaded bank: sound/banks/bank_14
[2025-06-23 16:29:10.026] [/home/sonic/SpaghettiKart/src/port/Engine.cpp:520] [info] Loaded bank: sound/banks/bank_16
[2025-06-23 16:29:10.027] [/home/sonic/SpaghettiKart/src/port/Engine.cpp:520] [info] Loaded bank: sound/banks/bank_10
[2025-06-23 16:29:10.030] [/home/sonic/SpaghettiKart/src/port/Engine.cpp:520] [info] Loaded bank: sound/banks/bank_13
[2025-06-23 16:29:10.031] [/home/sonic/SpaghettiKart/src/port/Engine.cpp:520] [info] Loaded bank: sound/banks/bank_3
[2025-06-23 16:29:10.031] [/home/sonic/SpaghettiKart/src/port/Engine.cpp:520] [info] Loaded bank: sound/banks/bank_11
[2025-06-23 16:29:10.033] [/home/sonic/SpaghettiKart/src/port/Engine.cpp:520] [info] Loaded bank: sound/banks/bank_15
[2025-06-23 16:29:10.034] [/home/sonic/SpaghettiKart/src/port/Engine.cpp:520] [info] Loaded bank: sound/banks/bank_17
[2025-06-23 16:29:10.036] [/home/sonic/SpaghettiKart/src/port/Engine.cpp:520] [info] Loaded bank: sound/banks/bank_9
[2025-06-23 16:29:10.037] [/home/sonic/SpaghettiKart/src/port/Engine.cpp:520] [info] Loaded bank: sound/banks/bank_19
[2025-06-23 16:29:10.043] [/home/sonic/SpaghettiKart/src/port/Engine.cpp:520] [info] Loaded bank: sound/banks/bank_6
[2025-06-23 16:29:10.043] [/home/sonic/SpaghettiKart/src/port/Engine.cpp:520] [info] Loaded bank: sound/banks/bank_8
[2025-06-23 16:29:10.043] [/home/sonic/SpaghettiKart/src/port/Engine.cpp:520] [info] Loaded bank: sound/banks/bank_18
[2025-06-23 16:29:10.044] [/home/sonic/SpaghettiKart/src/port/Engine.cpp:527] [info] Loaded sequence: sound/sequences/start_grid_gp_vs
[2025-06-23 16:29:10.046] [/home/sonic/SpaghettiKart/src/port/Engine.cpp:527] [info] Loaded sequence: sound/sequences/staff_roll
[2025-06-23 16:29:10.047] [/home/sonic/SpaghettiKart/src/port/Engine.cpp:527] [info] Loaded sequence: sound/sequences/toads_turnpike
[2025-06-23 16:29:10.047] [/home/sonic/SpaghettiKart/src/port/Engine.cpp:527] [info] Loaded sequence: sound/sequences/losing_results
[2025-06-23 16:29:10.048] [/home/sonic/SpaghettiKart/src/port/Engine.cpp:527] [info] Loaded sequence: sound/sequences/kalimari_desert
[2025-06-23 16:29:10.048] [/home/sonic/SpaghettiKart/src/port/Engine.cpp:527] [info] Loaded sequence: sound/sequences/dk_jungle
[2025-06-23 16:29:10.048] [/home/sonic/SpaghettiKart/src/port/Engine.cpp:527] [info] Loaded sequence: sound/sequences/finish_2nd_4th_place
[2025-06-23 16:29:10.050] [/home/sonic/SpaghettiKart/src/port/Engine.cpp:527] [info] Loaded sequence: sound/sequences/final_lap_fanfare
[2025-06-23 16:29:10.052] [/home/sonic/SpaghettiKart/src/port/Engine.cpp:527] [info] Loaded sequence: sound/sequences/raceways_wario_stadium
[2025-06-23 16:29:10.053] [/home/sonic/SpaghettiKart/src/port/Engine.cpp:527] [info] Loaded sequence: sound/sequences/moo_moo_farm_yoshi_valley
[2025-06-23 16:29:10.053] [/home/sonic/SpaghettiKart/src/port/Engine.cpp:527] [info] Loaded sequence: sound/sequences/seq_00
[2025-06-23 16:29:10.054] [/home/sonic/SpaghettiKart/src/port/Engine.cpp:527] [info] Loaded sequence: sound/sequences/award_ceremony_buildup
[2025-06-23 16:29:10.054] [/home/sonic/SpaghettiKart/src/port/Engine.cpp:527] [info] Loaded sequence: sound/sequences/title_screen
[2025-06-23 16:29:10.054] [/home/sonic/SpaghettiKart/src/port/Engine.cpp:527] [info] Loaded sequence: sound/sequences/finish_1st_place
[2025-06-23 16:29:10.055] [/home/sonic/SpaghettiKart/src/port/Engine.cpp:527] [info] Loaded sequence: sound/sequences/finish_5th_8th_place
[2025-06-23 16:29:10.057] [/home/sonic/SpaghettiKart/src/port/Engine.cpp:527] [info] Loaded sequence: sound/sequences/vs_battle_results
[2025-06-23 16:29:10.058] [/home/sonic/SpaghettiKart/src/port/Engine.cpp:527] [info] Loaded sequence: sound/sequences/koopa_troopa_beach
[2025-06-23 16:29:10.058] [/home/sonic/SpaghettiKart/src/port/Engine.cpp:527] [info] Loaded sequence: sound/sequences/frappe_snowland
[2025-06-23 16:29:10.059] [/home/sonic/SpaghettiKart/src/port/Engine.cpp:527] [info] Loaded sequence: sound/sequences/seq_16
[2025-06-23 16:29:10.059] [/home/sonic/SpaghettiKart/src/port/Engine.cpp:527] [info] Loaded sequence: sound/sequences/start_gird_time_attack
[2025-06-23 16:29:10.060] [/home/sonic/SpaghettiKart/src/port/Engine.cpp:527] [info] Loaded sequence: sound/sequences/banshee_boardwalk
[2025-06-23 16:29:10.061] [/home/sonic/SpaghettiKart/src/port/Engine.cpp:527] [info] Loaded sequence: sound/sequences/award_ceremony_1st_3rd
[2025-06-23 16:29:10.064] [/home/sonic/SpaghettiKart/src/port/Engine.cpp:527] [info] Loaded sequence: sound/sequences/battle_arenas
[2025-06-23 16:29:10.064] [/home/sonic/SpaghettiKart/src/port/Engine.cpp:527] [info] Loaded sequence: sound/sequences/main_menu
[2025-06-23 16:29:10.064] [/home/sonic/SpaghettiKart/src/port/Engine.cpp:527] [info] Loaded sequence: sound/sequences/game_over
[2025-06-23 16:29:10.065] [/home/sonic/SpaghettiKart/src/port/Engine.cpp:527] [info] Loaded sequence: sound/sequences/award_ceremony_4th_8th
[2025-06-23 16:29:10.065] [/home/sonic/SpaghettiKart/src/port/Engine.cpp:527] [info] Loaded sequence: sound/sequences/bowsers_castle
[2025-06-23 16:29:10.065] [/home/sonic/Sp[2025-06-23 16:30:01.946] [/home/sonic/SpaghettiKart/src/port/Engine.cpp:520] [info] Loaded bank: sound/banks/bank_0
[2025-06-23 16:30:01.978] [/home/sonic/SpaghettiKart/src/port/Engine.cpp:520] [info] Loaded bank: sound/banks/bank_2
[2025-06-23 16:30:01.989] [/home/sonic/SpaghettiKart/src/port/Engine.cpp:520] [info] Loaded bank: sound/banks/bank_20
[2025-06-23 16:30:02.002] [/home/sonic/SpaghettiKart/src/port/Engine.cpp:520] [info] Loaded bank: sound/banks/bank_5
[2025-06-23 16:30:02.007] [/home/sonic/SpaghettiKart/src/port/Engine.cpp:520] [info] Loaded bank: sound/banks/bank_1
[2025-06-23 16:30:02.012] [/home/sonic/SpaghettiKart/src/port/Engine.cpp:520] [info] Loaded bank: sound/banks/bank_4
[2025-06-23 16:30:02.021] [/home/sonic/SpaghettiKart/src/port/Engine.cpp:520] [info] Loaded bank: sound/banks/bank_7
[2025-06-23 16:30:02.027] [/home/sonic/SpaghettiKart/src/port/Engine.cpp:520] [info] Loaded bank: sound/banks/bank_12
[2025-06-23 16:30:02.029] [/home/sonic/SpaghettiKart/src/port/Engine.cpp:520] [info] Loaded bank: sound/banks/bank_14
[2025-06-23 16:30:02.036] [/home/sonic/SpaghettiKart/src/port/Engine.cpp:520] [info] Loaded bank: sound/banks/bank_16
[2025-06-23 16:30:02.036] [/home/sonic/SpaghettiKart/src/port/Engine.cpp:520] [info] Loaded bank: sound/banks/bank_10
[2025-06-23 16:30:02.038] [/home/sonic/SpaghettiKart/src/port/Engine.cpp:520] [info] Loaded bank: sound/banks/bank_13
[2025-06-23 16:30:02.040] [/home/sonic/SpaghettiKart/src/port/Engine.cpp:520] [info] Loaded bank: sound/banks/bank_3
[2025-06-23 16:30:02.040] [/home/sonic/SpaghettiKart/src/port/Engine.cpp:520] [info] Loaded bank: sound/banks/bank_11
[2025-06-23 16:30:02.042] [/home/sonic/SpaghettiKart/src/port/Engine.cpp:520] [info] Loaded bank: sound/banks/bank_15
[2025-06-23 16:30:02.042] [/home/sonic/SpaghettiKart/src/port/Engine.cpp:520] [info] Loaded bank: sound/banks/bank_17
[2025-06-23 16:30:02.045] [/home/sonic/SpaghettiKart/src/port/Engine.cpp:520] [info] Loaded bank: sound/banks/bank_9
[2025-06-23 16:30:02.047] [/home/sonic/SpaghettiKart/src/port/Engine.cpp:520] [info] Loaded bank: sound/banks/bank_19
[2025-06-23 16:30:02.052] [/home/sonic/SpaghettiKart/src/port/Engine.cpp:520] [info] Loaded bank: sound/banks/bank_6
[2025-06-23 16:30:02.052] [/home/sonic/SpaghettiKart/src/port/Engine.cpp:520] [info] Loaded bank: sound/banks/bank_8
[2025-06-23 16:30:02.052] [/home/sonic/SpaghettiKart/src/port/Engine.cpp:520] [info] Loaded bank: sound/banks/bank_18
[2025-06-23 16:30:02.053] [/home/sonic/SpaghettiKart/src/port/Engine.cpp:527] [info] Loaded sequence: sound/sequences/start_grid_gp_vs
[2025-06-23 16:30:02.054] [/home/sonic/SpaghettiKart/src/port/Engine.cpp:527] [info] Loaded sequence: sound/sequences/staff_roll
[2025-06-23 16:30:02.055] [/home/sonic/SpaghettiKart/src/port/Engine.cpp:527] [info] Loaded sequence: sound/sequences/toads_turnpike
[2025-06-23 16:30:02.056] [/home/sonic/SpaghettiKart/src/port/Engine.cpp:527] [info] Loaded sequence: sound/sequences/losing_results
[2025-06-23 16:30:02.056] [/home/sonic/SpaghettiKart/src/port/Engine.cpp:527] [info] Loaded sequence: sound/sequences/kalimari_desert
[2025-06-23 16:30:02.056] [/home/sonic/SpaghettiKart/src/port/Engine.cpp:527] [info] Loaded sequence: sound/sequences/dk_jungle
[2025-06-23 16:30:02.056] [/home/sonic/SpaghettiKart/src/port/Engine.cpp:527] [info] Loaded sequence: sound/sequences/finish_2nd_4th_place
[2025-06-23 16:30:02.057] [/home/sonic/SpaghettiKart/src/port/Engine.cpp:527] [info] Loaded sequence: sound/sequences/final_lap_fanfare
[2025-06-23 16:30:02.059] [/home/sonic/SpaghettiKart/src/port/Engine.cpp:527] [info] Loaded sequence: sound/sequences/raceways_wario_stadium
[2025-06-23 16:30:02.061] [/home/sonic/SpaghettiKart/src/port/Engine.cpp:527] [info] Loaded sequence: sound/sequences/moo_moo_farm_yoshi_valley
[2025-06-23 16:30:02.062] [/home/sonic/SpaghettiKart/src/port/Engine.cpp:527] [info] Loaded sequence: sound/sequences/seq_00
[2025-06-23 16:30:02.062] [/home/sonic/SpaghettiKart/src/port/Engine.cpp:527] [info] Loaded sequence: sound/sequences/award_ceremony_buildup
[2025-06-23 16:30:02.063] [/home/sonic/SpaghettiKart/src/port/Engine.cpp:527] [info] Loaded sequence: sound/sequences/title_screen
[2025-06-23 16:30:02.063] [/home/sonic/SpaghettiKart/src/port/Engine.cpp:527] [info] Loaded sequence: sound/sequences/finish_1st_place
[2025-06-23 16:30:02.063] [/home/sonic/SpaghettiKart/src/port/Engine.cpp:527] [info] Loaded sequence: sound/sequences/finish_5th_8th_place
[2025-06-23 16:30:02.065] [/home/sonic/SpaghettiKart/src/port/Engine.cpp:527] [info] Loaded sequence: sound/sequences/vs_battle_results
[2025-06-23 16:30:02.068] [/home/sonic/SpaghettiKart/src/port/Engine.cpp:527] [info] Loaded sequence: sound/sequences/koopa_troopa_beach
[2025-06-23 16:30:02.068] [/home/sonic/SpaghettiKart/src/port/Engine.cpp:527] [info] Loaded sequence: sound/sequences/frappe_snowland
[2025-06-23 16:30:02.069] [/home/sonic/SpaghettiKart/src/port/Engine.cpp:527] [info] Loaded sequence: sound/sequences/seq_16
[2025-06-23 16:30:02.069] [/home/sonic/SpaghettiKart/src/port/Engine.cpp:527] [info] Loaded sequence: sound/sequences/start_gird_time_attack
[2025-06-23 16:30:02.070] [/home/sonic/SpaghettiKart/src/port/Engine.cpp:527] [info] Loaded sequence: sound/sequences/banshee_boardwalk
[2025-06-23 16:30:02.071] [/home/sonic/SpaghettiKart/src/port/Engine.cpp:527] [info] Loaded sequence: sound/sequences/award_ceremony_1st_3rd
[2025-06-23 16:30:02.073] [/home/sonic/SpaghettiKart/src/port/Engine.cpp:527] [info] Loaded sequence: sound/sequences/battle_arenas
[2025-06-23 16:30:02.073] [/home/sonic/SpaghettiKart/src/port/Engine.cpp:527] [info] Loaded sequence: sound/sequences/main_menu
[2025-06-23 16:30:02.074] [/home/sonic/SpaghettiKart/src/port/Engine.cpp:527] [info] Loaded sequence: sound/sequences/game_over
[2025-06-23 16:30:02.074] [/home/sonic/SpaghettiKart/src/port/Engine.cpp:527] [info] Loaded sequence: sound/sequences/award_ceremony_4th_8th
[2025-06-23 16:30:02.074] [/home/sonic/SpaghettiKart/src/port/Engine.cpp:527] [info] Loaded sequence: sound/sequences/bowsers_castle
[2025-06-23 16:30:02.075] [/home/sonic/Sp